<?xml version="1.0" encoding="UTF-8"?>
<!-- Generated by org.testng.reporters.JUnitXMLReporter -->
<testsuite ignored="18" hostname="Thanh2211" failures="1" tests="9" name="Test" time="10.963" errors="0" timestamp="2025-07-15T17:53:30 GMT+07:00">
  <testcase classname="tests.HomePageTest" name="verifyHomePageTitle" time="0.019"/>
  <testcase classname="tests.HomePageTest" name="verifyLogoIsDisplayed" time="0.097"/>
  <testcase classname="tests.HomePageTest" name="verifyNavbarItemsDisplayed" time="0.124"/>
  <testcase classname="tests.HomePageTest" name="verifyCarouselHasThreeSlides" time="0.02"/>
  <testcase classname="tests.HomePageTest" name="verifyCarouselIsDisplayed" time="0.022"/>
  <testcase classname="tests.HomePageTest" name="verifyCarouselAutoSlides" time="4.809"/>
  <testcase classname="tests.HomePageTest" name="verifyClickNextOnCarousel" time="0.711"/>
  <testcase classname="tests.HomePageTest" name="verifyClickPrevOnCarousel" time="1.12">
    <failure type="org.openqa.selenium.ElementClickInterceptedException" message="element click intercepted: Element &amp;lt;span class=&amp;quot;carousel-control-prev-icon&amp;quot; aria-hidden=&amp;quot;true&amp;quot;&amp;gt;&amp;lt;/span&amp;gt; is not clickable at point (356, 10). Other element would receive the click: &amp;lt;div class=&amp;quot;col-lg-3&amp;quot;&amp;gt;...&amp;lt;/div&amp;gt;
  (Session info: chrome=138.0.7204.101)
Build info: version: &amp;apos;4.33.0&amp;apos;, revision: &amp;apos;2c6aaad03a&amp;apos;
System info: os.name: &amp;apos;Windows 11&amp;apos;, os.arch: &amp;apos;amd64&amp;apos;, os.version: &amp;apos;10.0&amp;apos;, java.version: &amp;apos;23.0.2&amp;apos;
Driver info: org.openqa.selenium.chrome.ChromeDriver
Command: [286deebeb416bc3108765308361558de, clickElement {id=f.B86A8FB58D16C62AB77F847ABC28E016.d.7D2ED454E02385E89F7551D819090859.e.2}]
Capabilities {acceptInsecureCerts: false, browserName: chrome, browserVersion: 138.0.7204.101, chrome: {chromedriverVersion: 138.0.7204.94 (545025748884..., userDataDir: C:\Users\mrdon\AppData\Loca...}, fedcm:accounts: true, goog:chromeOptions: {debuggerAddress: localhost:53081}, networkConnectionEnabled: false, pageLoadStrategy: normal, platformName: windows, proxy: Proxy(), se:cdp: ws://localhost:53081/devtoo..., se:cdpVersion: 138.0.7204.101, setWindowRect: true, strictFileInteractability: false, timeouts: {implicit: 0, pageLoad: 300000, script: 30000}, unhandledPromptBehavior: dismiss and notify, webauthn:extension:credBlob: true, webauthn:extension:largeBlob: true, webauthn:extension:minPinLength: true, webauthn:extension:prf: true, webauthn:virtualAuthenticators: true}
Element: [[ChromeDriver: chrome on windows (286deebeb416bc3108765308361558de)] -&amp;gt; xpath: //span[@class=&amp;apos;carousel-control-prev-icon&amp;apos;]]
Session ID: 286deebeb416bc3108765308361558de">
      <![CDATA[org.openqa.selenium.ElementClickInterceptedException: element click intercepted: Element <span class="carousel-control-prev-icon" aria-hidden="true"></span> is not clickable at point (356, 10). Other element would receive the click: <div class="col-lg-3">...</div>
  (Session info: chrome=138.0.7204.101)
Build info: version: '4.33.0', revision: '2c6aaad03a'
System info: os.name: 'Windows 11', os.arch: 'amd64', os.version: '10.0', java.version: '23.0.2'
Driver info: org.openqa.selenium.chrome.ChromeDriver
Command: [286deebeb416bc3108765308361558de, clickElement {id=f.B86A8FB58D16C62AB77F847ABC28E016.d.7D2ED454E02385E89F7551D819090859.e.2}]
Capabilities {acceptInsecureCerts: false, browserName: chrome, browserVersion: 138.0.7204.101, chrome: {chromedriverVersion: 138.0.7204.94 (545025748884..., userDataDir: C:\Users\mrdon\AppData\Loca...}, fedcm:accounts: true, goog:chromeOptions: {debuggerAddress: localhost:53081}, networkConnectionEnabled: false, pageLoadStrategy: normal, platformName: windows, proxy: Proxy(), se:cdp: ws://localhost:53081/devtoo..., se:cdpVersion: 138.0.7204.101, setWindowRect: true, strictFileInteractability: false, timeouts: {implicit: 0, pageLoad: 300000, script: 30000}, unhandledPromptBehavior: dismiss and notify, webauthn:extension:credBlob: true, webauthn:extension:largeBlob: true, webauthn:extension:minPinLength: true, webauthn:extension:prf: true, webauthn:virtualAuthenticators: true}
Element: [[ChromeDriver: chrome on windows (286deebeb416bc3108765308361558de)] -> xpath: //span[@class='carousel-control-prev-icon']]
Session ID: 286deebeb416bc3108765308361558de
at org.openqa.selenium.remote.ErrorCodec.decode(ErrorCodec.java:167)
at org.openqa.selenium.remote.codec.w3c.W3CHttpResponseCodec.decode(W3CHttpResponseCodec.java:138)
at org.openqa.selenium.remote.codec.w3c.W3CHttpResponseCodec.decode(W3CHttpResponseCodec.java:50)
at org.openqa.selenium.remote.HttpCommandExecutor.execute(HttpCommandExecutor.java:215)
at org.openqa.selenium.remote.service.DriverCommandExecutor.invokeExecute(DriverCommandExecutor.java:216)
at org.openqa.selenium.remote.service.DriverCommandExecutor.execute(DriverCommandExecutor.java:174)
at org.openqa.selenium.remote.RemoteWebDriver.execute(RemoteWebDriver.java:544)
at org.openqa.selenium.remote.RemoteWebElement.execute(RemoteWebElement.java:223)
at org.openqa.selenium.remote.RemoteWebElement.click(RemoteWebElement.java:76)
at org.openqa.selenium.support.pagefactory.internal.LocatingElementHandler.invoke(LocatingElementHandler.java:51)
at jdk.proxy2/jdk.proxy2.$Proxy32.click(Unknown Source)
at pages.HomePage.clickPrevOnCarousel(HomePage.java:180)
at tests.HomePageTest.verifyClickPrevOnCarousel(HomePageTest.java:76)
at java.base/java.util.ArrayList.forEach(ArrayList.java:1597)
... Removed 30 stack frames]]>
    </failure>
  </testcase> <!-- verifyClickPrevOnCarousel -->
  <testcase classname="tests.HomePageTest" name="verifyProductListIsVisible" time="0.191"/>
  <testcase classname="tests.HomePageTest" name="verifyProductDetailNavigation" time="0.0">
    <ignored/>
  </testcase> <!-- verifyProductDetailNavigation -->
  <testcase classname="tests.HomePageTest" name="verifyLoginPopup" time="0.0">
    <ignored/>
  </testcase> <!-- verifyLoginPopup -->
  <testcase classname="tests.HomePageTest" name="verifyFilterMonitors" time="0.0">
    <ignored/>
  </testcase> <!-- verifyFilterMonitors -->
  <testcase classname="tests.HomePageTest" name="verifyPrevPageNavigation" time="0.0">
    <ignored/>
  </testcase> <!-- verifyPrevPageNavigation -->
  <testcase classname="tests.ContactPageTest" name="verifyInputContact" time="0.0">
    <ignored/>
  </testcase> <!-- verifyInputContact -->
  <testcase classname="tests.AboutUsPageTest" name="verifyOpenAndClose" time="0.0">
    <ignored/>
  </testcase> <!-- verifyOpenAndClose -->
  <testcase classname="tests.HomePageTest" name="verifyContactPopup" time="0.0">
    <ignored/>
  </testcase> <!-- verifyContactPopup -->
  <testcase classname="tests.HomePageTest" name="verifyCartPageNavigation" time="0.0">
    <ignored/>
  </testcase> <!-- verifyCartPageNavigation -->
  <testcase classname="tests.HomePageTest" name="verifyAboutUsPopup" time="0.0">
    <ignored/>
  </testcase> <!-- verifyAboutUsPopup -->
  <testcase classname="tests.LogInTest" name="verifyLogin" time="0.0">
    <ignored/>
  </testcase> <!-- verifyLogin -->
  <testcase classname="tests.HomePageTest" name="verifyAddtoCart" time="0.0">
    <ignored/>
  </testcase> <!-- verifyAddtoCart -->
  <testcase classname="tests.HomePageTest" name="verifyDeleteProductFromCart" time="0.0">
    <ignored/>
  </testcase> <!-- verifyDeleteProductFromCart -->
  <testcase classname="tests.HomePageTest" name="verifyNextPageNavigation" time="0.0">
    <ignored/>
  </testcase> <!-- verifyNextPageNavigation -->
  <testcase classname="tests.SignUpTest" name="verifySignUp" time="0.0">
    <ignored/>
  </testcase> <!-- verifySignUp -->
  <testcase classname="tests.HomePageTest" name="verifySignUpPopup" time="0.0">
    <ignored/>
  </testcase> <!-- verifySignUpPopup -->
  <testcase classname="tests.HomePageTest" name="verifyFilterPhones" time="0.0">
    <ignored/>
  </testcase> <!-- verifyFilterPhones -->
  <testcase classname="tests.HomePageTest" name="verifyCheckOutSuccessful" time="0.0">
    <ignored/>
  </testcase> <!-- verifyCheckOutSuccessful -->
  <testcase classname="tests.HomePageTest" name="verifyFilterLaptops" time="0.0">
    <ignored/>
  </testcase> <!-- verifyFilterLaptops -->
</testsuite> <!-- Test -->
