<?xml version="1.0" encoding="UTF-8"?>
<!-- Generated by org.testng.reporters.JUnitXMLReporter -->
<testsuite ignored="0" hostname="Thanh2211" failures="0" tests="23" name="Test" time="71.65" errors="0" timestamp="2025-08-04T21:23:22 GMT+07:00">
  <testcase classname="tests.HomePageTest" name="verifyHomePageTitle" time="0.033"/>
  <testcase classname="tests.HomePageTest" name="verifyLogoIsDisplayed" time="0.058"/>
  <testcase classname="tests.HomePageTest" name="verifyNavbarItemsDisplayed" time="0.146"/>
  <testcase classname="tests.HomePageTest" name="verifyCarouselHasThreeSlides" time="0.018"/>
  <testcase classname="tests.HomePageTest" name="verifyCarouselIsDisplayed" time="0.048"/>
  <testcase classname="tests.HomePageTest" name="verifyCarouselAutoSlides" time="5.276"/>
  <testcase classname="tests.HomePageTest" name="verifyClickNextOnCarousel" time="1.264"/>
  <testcase classname="tests.HomePageTest" name="verifyClickPrevOnCarousel" time="0.206"/>
  <testcase classname="tests.HomePageTest" name="verifyProductListIsVisible" time="0.562"/>
  <testcase classname="tests.HomePageTest" name="verifyFilterPhones" time="0.717"/>
  <testcase classname="tests.HomePageTest" name="verifyFilterLaptops" time="0.678"/>
  <testcase classname="tests.HomePageTest" name="verifyFilterMonitors" time="0.79"/>
  <testcase classname="tests.HomePageTest" name="verifyNextPageNavigation" time="1.378"/>
  <testcase classname="tests.HomePageTest" name="verifyPrevPageNavigation" time="0.959"/>
  <testcase classname="tests.HomePageTest" name="verifyProductDetailNavigation" time="1.141"/>
  <testcase classname="tests.HomePageTest" name="verifyCartPageNavigation" time="0.827"/>
  <testcase classname="tests.HomePageTest" name="verifyContactPopup" time="0.727"/>
  <testcase classname="tests.HomePageTest" name="verifyLoginPopup" time="0.686"/>
  <testcase classname="tests.HomePageTest" name="verifyAboutUsPopup" time="0.735"/>
  <testcase classname="tests.HomePageTest" name="verifySignUpPopup" time="0.688"/>
  <testcase classname="tests.HomePageTest" name="verifyAddtoCart" time="3.382"/>
  <testcase classname="tests.HomePageTest" name="verifyDeleteProductFromCart" time="4.407"/>
  <testcase classname="tests.HomePageTest" name="verifyCheckOutSuccessful" time="4.393"/>
</testsuite> <!-- Test -->
