<?xml version="1.0" encoding="UTF-8"?>
<!-- Generated by org.testng.reporters.JUnitXMLReporter -->
<testsuite ignored="18" hostname="Thanh2211" failures="0" tests="9" name="Test" time="10.987" errors="0" timestamp="2025-07-15T15:44:52 ICT">
  <testcase classname="tests.HomePageTest" name="verifyHomePageTitle" time="0.014"/>
  <testcase classname="tests.HomePageTest" name="verifyLogoIsDisplayed" time="0.139"/>
  <testcase classname="tests.HomePageTest" name="verifyNavbarItemsDisplayed" time="0.123"/>
  <testcase classname="tests.HomePageTest" name="verifyCarouselHasThreeSlides" time="0.016"/>
  <testcase classname="tests.HomePageTest" name="verifyCarouselIsDisplayed" time="0.025"/>
  <testcase classname="tests.HomePageTest" name="verifyCarouselAutoSlides" time="4.8"/>
  <testcase classname="tests.HomePageTest" name="verifyClickNextOnCarousel" time="0.671"/>
  <testcase classname="tests.HomePageTest" name="verifyClickPrevOnCarousel" time="1.18"/>
  <testcase classname="tests.HomePageTest" name="verifyProductListIsVisible" time="0.195"/>
  <testcase classname="tests.HomePageTest" name="verifyContactPopup" time="0.0">
    <ignored/>
  </testcase> <!-- verifyContactPopup -->
  <testcase classname="tests.HomePageTest" name="verifyAboutUsPopup" time="0.0">
    <ignored/>
  </testcase> <!-- verifyAboutUsPopup -->
  <testcase classname="tests.HomePageTest" name="verifyCartPageNavigation" time="0.0">
    <ignored/>
  </testcase> <!-- verifyCartPageNavigation -->
  <testcase classname="tests.AboutUsPageTest" name="verifyOpenAndClose" time="0.0">
    <ignored/>
  </testcase> <!-- verifyOpenAndClose -->
  <testcase classname="tests.HomePageTest" name="verifyDeleteProductFromCart" time="0.0">
    <ignored/>
  </testcase> <!-- verifyDeleteProductFromCart -->
  <testcase classname="tests.LogInTest" name="verifyLogin" time="0.0">
    <ignored/>
  </testcase> <!-- verifyLogin -->
  <testcase classname="tests.HomePageTest" name="verifyNextPageNavigation" time="0.0">
    <ignored/>
  </testcase> <!-- verifyNextPageNavigation -->
  <testcase classname="tests.HomePageTest" name="verifySignUpPopup" time="0.0">
    <ignored/>
  </testcase> <!-- verifySignUpPopup -->
  <testcase classname="tests.ContactPageTest" name="verifyInputContact" time="0.0">
    <ignored/>
  </testcase> <!-- verifyInputContact -->
  <testcase classname="tests.HomePageTest" name="verifyFilterLaptops" time="0.0">
    <ignored/>
  </testcase> <!-- verifyFilterLaptops -->
  <testcase classname="tests.HomePageTest" name="verifyCheckOutSuccessful" time="0.0">
    <ignored/>
  </testcase> <!-- verifyCheckOutSuccessful -->
  <testcase classname="tests.SignUpTest" name="verifySignUp" time="0.0">
    <ignored/>
  </testcase> <!-- verifySignUp -->
  <testcase classname="tests.HomePageTest" name="verifyAddtoCart" time="0.0">
    <ignored/>
  </testcase> <!-- verifyAddtoCart -->
  <testcase classname="tests.HomePageTest" name="verifyProductDetailNavigation" time="0.0">
    <ignored/>
  </testcase> <!-- verifyProductDetailNavigation -->
  <testcase classname="tests.HomePageTest" name="verifyFilterMonitors" time="0.0">
    <ignored/>
  </testcase> <!-- verifyFilterMonitors -->
  <testcase classname="tests.HomePageTest" name="verifyLoginPopup" time="0.0">
    <ignored/>
  </testcase> <!-- verifyLoginPopup -->
  <testcase classname="tests.HomePageTest" name="verifyFilterPhones" time="0.0">
    <ignored/>
  </testcase> <!-- verifyFilterPhones -->
  <testcase classname="tests.HomePageTest" name="verifyPrevPageNavigation" time="0.0">
    <ignored/>
  </testcase> <!-- verifyPrevPageNavigation -->
</testsuite> <!-- Test -->
