<?xml version="1.0" encoding="UTF-8"?>
<testsuite xmlns:xsi="http://www.w3.org/2001/XMLSchema-instance" xsi:noNamespaceSchemaLocation="https://maven.apache.org/surefire/maven-surefire-plugin/xsd/surefire-test-report.xsd" version="3.0.2" name="TestSuite" time="13.516" tests="9" errors="0" skipped="0" failures="0">
  <properties>
[...]
</properties>
  <testcase name="verifyHomePageTitle" classname="tests.HomePageTest" time="0.033">
    <system-out><![CDATA[[WARN ] 15-07-2025 15:44:40 [main] TestNGContentHandler - Failed to read [/D:/DucThanh/demoblaze/testng-1.0.dtd] from CLASSPATH. Attempting to read from [file:///D:/DucThanh/demoblaze/testng-1.0.dtd].
[WARN ] 15-07-2025 15:44:40 [main] TestNGContentHandler - It is strongly recommended to add "<!DOCTYPE suite SYSTEM "https://testng.org/testng-1.1.dtd" >" at the top of the suite file [D:\DucThanh\demoblaze\grouping.xml] otherwise TestNG may fail or not work as expected.
[INFO ] 15-07-2025 15:44:40 [main] BaseTest - ===== Starting test setup =====
[INFO ] 15-07-2025 15:44:42 [main] BaseTest - ChromeDriver initialized.
[INFO ] 15-07-2025 15:44:44 [main] BaseTest - Running test: verifyHomePageTitle
[INFO ] 15-07-2025 15:44:44 [main] BaseTest - Verified homepage title is 'STORE'
]]></system-out>
    <system-err><![CDATA[Ability to run JUnit tests via TestNG was deprecated in v7.7.0 and is NOW being removed permanently. If you would like to run a mixture of TestNG and JUnit tests then please take a look at  https://github.com/junit-team/testng-engine which is now maintained by the JUnit team
Ability to run JUnit tests via TestNG was deprecated in v7.7.0 and is NOW being removed permanently. If you would like to run a mixture of TestNG and JUnit tests then please take a look at  https://github.com/junit-team/testng-engine which is now maintained by the JUnit team
Jul 15, 2025 3:44:42 PM org.openqa.selenium.devtools.CdpVersionFinder findNearestMatch
WARNING: Unable to find an exact match for CDP version 138, returning the closest version; found: 137; Please update to a Selenium version that supports CDP version 138
]]></system-err>
  </testcase>
  <testcase name="verifyLogoIsDisplayed" classname="tests.HomePageTest" time="0.14">
    <system-out><![CDATA[[INFO ] 15-07-2025 15:44:44 [main] BaseTest - Running test: verifyLogoIsDisplayed
[INFO ] 15-07-2025 15:44:44 [main] BaseTest - Logo is displayed successfully
]]></system-out>
  </testcase>
  <testcase name="verifyNavbarItemsDisplayed" classname="tests.HomePageTest" time="0.124">
    <system-out><![CDATA[[INFO ] 15-07-2025 15:44:44 [main] BaseTest - Running test: verifyNavbarItemsDisplayed
[[ChromeDriver: chrome on windows (c86f8bbc568d8e54430eec01d85ef97f)] -> class name: nav-item]
[[ChromeDriver: chrome on windows (c86f8bbc568d8e54430eec01d85ef97f)] -> class name: nav-item]
[[ChromeDriver: chrome on windows (c86f8bbc568d8e54430eec01d85ef97f)] -> class name: nav-item]
[[ChromeDriver: chrome on windows (c86f8bbc568d8e54430eec01d85ef97f)] -> class name: nav-item]
[[ChromeDriver: chrome on windows (c86f8bbc568d8e54430eec01d85ef97f)] -> class name: nav-item]
[[ChromeDriver: chrome on windows (c86f8bbc568d8e54430eec01d85ef97f)] -> class name: nav-item]
[[ChromeDriver: chrome on windows (c86f8bbc568d8e54430eec01d85ef97f)] -> class name: nav-item]
[[ChromeDriver: chrome on windows (c86f8bbc568d8e54430eec01d85ef97f)] -> class name: nav-item]
[INFO ] 15-07-2025 15:44:44 [main] BaseTest - Navbar items count is correct
]]></system-out>
  </testcase>
  <testcase name="verifyCarouselHasThreeSlides" classname="tests.HomePageTest" time="0.016">
    <system-out><![CDATA[[INFO ] 15-07-2025 15:44:44 [main] BaseTest - Running test: verifyCarouselHasThreeSlides
[INFO ] 15-07-2025 15:44:44 [main] BaseTest - Carousel has 3 slides
]]></system-out>
  </testcase>
  <testcase name="verifyCarouselIsDisplayed" classname="tests.HomePageTest" time="0.028">
    <system-out><![CDATA[[INFO ] 15-07-2025 15:44:44 [main] BaseTest - Running test: verifyCarouselIsDisplayed
[INFO ] 15-07-2025 15:44:44 [main] BaseTest - Carousel is displayed
]]></system-out>
  </testcase>
  <testcase name="verifyCarouselAutoSlides" classname="tests.HomePageTest" time="4.8">
    <system-out><![CDATA[[INFO ] 15-07-2025 15:44:44 [main] BaseTest - Running test: verifyCarouselAutoSlides
[INFO ] 15-07-2025 15:44:49 [main] BaseTest - Carousel auto-slide verified
]]></system-out>
  </testcase>
  <testcase name="verifyClickNextOnCarousel" classname="tests.HomePageTest" time="0.672">
    <system-out><![CDATA[[INFO ] 15-07-2025 15:44:49 [main] BaseTest - Running test: verifyClickNextOnCarousel
[INFO ] 15-07-2025 15:44:50 [main] BaseTest - Verified clicking next on carousel returns false (as expected)
]]></system-out>
  </testcase>
  <testcase name="verifyClickPrevOnCarousel" classname="tests.HomePageTest" time="1.18">
    <system-out><![CDATA[[INFO ] 15-07-2025 15:44:50 [main] BaseTest - Running test: verifyClickPrevOnCarousel
[INFO ] 15-07-2025 15:44:51 [main] BaseTest - Verified clicking previous on carousel
]]></system-out>
  </testcase>
  <testcase name="verifyProductListIsVisible" classname="tests.HomePageTest" time="0.195">
    <system-out><![CDATA[[INFO ] 15-07-2025 15:44:51 [main] BaseTest - Running test: verifyProductListIsVisible
[INFO ] 15-07-2025 15:44:51 [main] BaseTest - ------List of Product------
Name Product: Samsung galaxy s6
Name Product: Nokia lumia 1520
Name Product: Nexus 6
Name Product: Samsung galaxy s7
Name Product: Iphone 6 32gb
Name Product: Sony xperia z5
Name Product: HTC One M9
Name Product: Sony vaio i5
Name Product: Sony vaio i7
[INFO ] 15-07-2025 15:44:51 [main] BaseTest - Product list is visible with correct count
]]></system-out>
  </testcase>
</testsuite>