<?xml version="1.0" encoding="UTF-8"?>
<testng-results ignored="18" total="27" passed="8" failed="1" skipped="0">
  <reporter-output>
  </reporter-output>
  <suite started-at="2025-07-15T17:53:18 GMT+07:00" name="Groups" finished-at="2025-07-15T17:53:29 GMT+07:00" duration-ms="10963">
    <groups>
      <group name="ui">
        <method signature="HomePageTest.verifyHomePageTitle()[pri:1, instance:tests.HomePageTest@7642df8f]" name="verifyHomePageTitle" class="tests.HomePageTest"/>
        <method signature="HomePageTest.verifyLogoIsDisplayed()[pri:2, instance:tests.HomePageTest@7642df8f]" name="verifyLogoIsDisplayed" class="tests.HomePageTest"/>
        <method signature="HomePageTest.verifyNavbarItemsDisplayed()[pri:3, instance:tests.HomePageTest@7642df8f]" name="verifyNavbarItemsDisplayed" class="tests.HomePageTest"/>
        <method signature="HomePageTest.verifyCarouselHasThreeSlides()[pri:4, instance:tests.HomePageTest@7642df8f]" name="verifyCarouselHasThreeSlides" class="tests.HomePageTest"/>
        <method signature="HomePageTest.verifyCarouselIsDisplayed()[pri:5, instance:tests.HomePageTest@7642df8f]" name="verifyCarouselIsDisplayed" class="tests.HomePageTest"/>
        <method signature="HomePageTest.verifyCarouselAutoSlides()[pri:6, instance:tests.HomePageTest@7642df8f]" name="verifyCarouselAutoSlides" class="tests.HomePageTest"/>
        <method signature="HomePageTest.verifyClickNextOnCarousel()[pri:7, instance:tests.HomePageTest@7642df8f]" name="verifyClickNextOnCarousel" class="tests.HomePageTest"/>
        <method signature="HomePageTest.verifyClickPrevOnCarousel()[pri:8, instance:tests.HomePageTest@7642df8f]" name="verifyClickPrevOnCarousel" class="tests.HomePageTest"/>
        <method signature="HomePageTest.verifyProductListIsVisible()[pri:9, instance:tests.HomePageTest@7642df8f]" name="verifyProductListIsVisible" class="tests.HomePageTest"/>
      </group> <!-- ui -->
      <group name="sanity">
        <method signature="HomePageTest.verifyHomePageTitle()[pri:1, instance:tests.HomePageTest@7642df8f]" name="verifyHomePageTitle" class="tests.HomePageTest"/>
        <method signature="HomePageTest.verifyProductListIsVisible()[pri:9, instance:tests.HomePageTest@7642df8f]" name="verifyProductListIsVisible" class="tests.HomePageTest"/>
      </group> <!-- sanity -->
    </groups>
    <test started-at="2025-07-15T17:53:18 GMT+07:00" name="Test" finished-at="2025-07-15T17:53:29 GMT+07:00" duration-ms="10963">
      <class name="tests.HomePageTest">
        <test-method is-config="true" signature="setup(java.lang.String,java.lang.String)[pri:0, instance:tests.HomePageTest@7642df8f]" started-at="2025-07-15T17:53:18 GMT+07:00" name="setup" finished-at="2025-07-15T17:53:21 GMT+07:00" duration-ms="3010" status="PASS">
          <params>
            <param index="0">
              <value>
                <![CDATA[Windows]]>
              </value>
            </param>
            <param index="1">
              <value>
                <![CDATA[chrome]]>
              </value>
            </param>
          </params>
          <reporter-output>
          </reporter-output>
        </test-method> <!-- setup -->
        <test-method signature="verifyHomePageTitle()[pri:1, instance:tests.HomePageTest@7642df8f]" started-at="2025-07-15T17:53:21 GMT+07:00" name="verifyHomePageTitle" finished-at="2025-07-15T17:53:21 GMT+07:00" duration-ms="19" status="PASS">
          <reporter-output>
          </reporter-output>
        </test-method> <!-- verifyHomePageTitle -->
        <test-method signature="verifyLogoIsDisplayed()[pri:2, instance:tests.HomePageTest@7642df8f]" started-at="2025-07-15T17:53:21 GMT+07:00" name="verifyLogoIsDisplayed" finished-at="2025-07-15T17:53:21 GMT+07:00" duration-ms="97" status="PASS">
          <reporter-output>
          </reporter-output>
        </test-method> <!-- verifyLogoIsDisplayed -->
        <test-method signature="verifyNavbarItemsDisplayed()[pri:3, instance:tests.HomePageTest@7642df8f]" started-at="2025-07-15T17:53:21 GMT+07:00" name="verifyNavbarItemsDisplayed" finished-at="2025-07-15T17:53:21 GMT+07:00" duration-ms="124" status="PASS">
          <reporter-output>
          </reporter-output>
        </test-method> <!-- verifyNavbarItemsDisplayed -->
        <test-method signature="verifyCarouselHasThreeSlides()[pri:4, instance:tests.HomePageTest@7642df8f]" started-at="2025-07-15T17:53:21 GMT+07:00" name="verifyCarouselHasThreeSlides" finished-at="2025-07-15T17:53:22 GMT+07:00" duration-ms="20" status="PASS">
          <reporter-output>
          </reporter-output>
        </test-method> <!-- verifyCarouselHasThreeSlides -->
        <test-method signature="verifyCarouselIsDisplayed()[pri:5, instance:tests.HomePageTest@7642df8f]" started-at="2025-07-15T17:53:22 GMT+07:00" name="verifyCarouselIsDisplayed" finished-at="2025-07-15T17:53:22 GMT+07:00" duration-ms="22" status="PASS">
          <reporter-output>
          </reporter-output>
        </test-method> <!-- verifyCarouselIsDisplayed -->
        <test-method signature="verifyCarouselAutoSlides()[pri:6, instance:tests.HomePageTest@7642df8f]" started-at="2025-07-15T17:53:22 GMT+07:00" name="verifyCarouselAutoSlides" finished-at="2025-07-15T17:53:26 GMT+07:00" duration-ms="4809" status="PASS">
          <reporter-output>
          </reporter-output>
        </test-method> <!-- verifyCarouselAutoSlides -->
        <test-method signature="verifyClickNextOnCarousel()[pri:7, instance:tests.HomePageTest@7642df8f]" started-at="2025-07-15T17:53:26 GMT+07:00" name="verifyClickNextOnCarousel" finished-at="2025-07-15T17:53:27 GMT+07:00" duration-ms="711" status="PASS">
          <reporter-output>
          </reporter-output>
        </test-method> <!-- verifyClickNextOnCarousel -->
        <test-method signature="verifyClickPrevOnCarousel()[pri:8, instance:tests.HomePageTest@7642df8f]" started-at="2025-07-15T17:53:27 GMT+07:00" name="verifyClickPrevOnCarousel" finished-at="2025-07-15T17:53:28 GMT+07:00" duration-ms="1120" status="FAIL">
          <exception class="org.openqa.selenium.ElementClickInterceptedException">
            <message>
              <![CDATA[element click intercepted: Element <span class="carousel-control-prev-icon" aria-hidden="true"></span> is not clickable at point (356, 10). Other element would receive the click: <div class="col-lg-3">...</div>
  (Session info: chrome=138.0.7204.101)
Build info: version: '4.33.0', revision: '2c6aaad03a'
System info: os.name: 'Windows 11', os.arch: 'amd64', os.version: '10.0', java.version: '23.0.2'
Driver info: org.openqa.selenium.chrome.ChromeDriver
Command: [286deebeb416bc3108765308361558de, clickElement {id=f.B86A8FB58D16C62AB77F847ABC28E016.d.7D2ED454E02385E89F7551D819090859.e.2}]
Capabilities {acceptInsecureCerts: false, browserName: chrome, browserVersion: 138.0.7204.101, chrome: {chromedriverVersion: 138.0.7204.94 (545025748884..., userDataDir: C:\Users\mrdon\AppData\Loca...}, fedcm:accounts: true, goog:chromeOptions: {debuggerAddress: localhost:53081}, networkConnectionEnabled: false, pageLoadStrategy: normal, platformName: windows, proxy: Proxy(), se:cdp: ws://localhost:53081/devtoo..., se:cdpVersion: 138.0.7204.101, setWindowRect: true, strictFileInteractability: false, timeouts: {implicit: 0, pageLoad: 300000, script: 30000}, unhandledPromptBehavior: dismiss and notify, webauthn:extension:credBlob: true, webauthn:extension:largeBlob: true, webauthn:extension:minPinLength: true, webauthn:extension:prf: true, webauthn:virtualAuthenticators: true}
Element: [[ChromeDriver: chrome on windows (286deebeb416bc3108765308361558de)] -> xpath: //span[@class='carousel-control-prev-icon']]
Session ID: 286deebeb416bc3108765308361558de]]>
            </message>
            <full-stacktrace>
              <![CDATA[org.openqa.selenium.ElementClickInterceptedException: element click intercepted: Element <span class="carousel-control-prev-icon" aria-hidden="true"></span> is not clickable at point (356, 10). Other element would receive the click: <div class="col-lg-3">...</div>
  (Session info: chrome=138.0.7204.101)
Build info: version: '4.33.0', revision: '2c6aaad03a'
System info: os.name: 'Windows 11', os.arch: 'amd64', os.version: '10.0', java.version: '23.0.2'
Driver info: org.openqa.selenium.chrome.ChromeDriver
Command: [286deebeb416bc3108765308361558de, clickElement {id=f.B86A8FB58D16C62AB77F847ABC28E016.d.7D2ED454E02385E89F7551D819090859.e.2}]
Capabilities {acceptInsecureCerts: false, browserName: chrome, browserVersion: 138.0.7204.101, chrome: {chromedriverVersion: 138.0.7204.94 (545025748884..., userDataDir: C:\Users\mrdon\AppData\Loca...}, fedcm:accounts: true, goog:chromeOptions: {debuggerAddress: localhost:53081}, networkConnectionEnabled: false, pageLoadStrategy: normal, platformName: windows, proxy: Proxy(), se:cdp: ws://localhost:53081/devtoo..., se:cdpVersion: 138.0.7204.101, setWindowRect: true, strictFileInteractability: false, timeouts: {implicit: 0, pageLoad: 300000, script: 30000}, unhandledPromptBehavior: dismiss and notify, webauthn:extension:credBlob: true, webauthn:extension:largeBlob: true, webauthn:extension:minPinLength: true, webauthn:extension:prf: true, webauthn:virtualAuthenticators: true}
Element: [[ChromeDriver: chrome on windows (286deebeb416bc3108765308361558de)] -> xpath: //span[@class='carousel-control-prev-icon']]
Session ID: 286deebeb416bc3108765308361558de
at java.base/jdk.internal.reflect.DirectConstructorHandleAccessor.newInstance(DirectConstructorHandleAccessor.java:62)
at java.base/java.lang.reflect.Constructor.newInstanceWithCaller(Constructor.java:501)
at java.base/java.lang.reflect.Constructor.newInstance(Constructor.java:485)
at org.openqa.selenium.remote.ErrorCodec.decode(ErrorCodec.java:167)
at org.openqa.selenium.remote.codec.w3c.W3CHttpResponseCodec.decode(W3CHttpResponseCodec.java:138)
at org.openqa.selenium.remote.codec.w3c.W3CHttpResponseCodec.decode(W3CHttpResponseCodec.java:50)
at org.openqa.selenium.remote.HttpCommandExecutor.execute(HttpCommandExecutor.java:215)
at org.openqa.selenium.remote.service.DriverCommandExecutor.invokeExecute(DriverCommandExecutor.java:216)
at org.openqa.selenium.remote.service.DriverCommandExecutor.execute(DriverCommandExecutor.java:174)
at org.openqa.selenium.remote.RemoteWebDriver.execute(RemoteWebDriver.java:544)
at org.openqa.selenium.remote.RemoteWebElement.execute(RemoteWebElement.java:223)
at org.openqa.selenium.remote.RemoteWebElement.click(RemoteWebElement.java:76)
at java.base/jdk.internal.reflect.DirectMethodHandleAccessor.invoke(DirectMethodHandleAccessor.java:103)
at java.base/java.lang.reflect.Method.invoke(Method.java:580)
at org.openqa.selenium.support.pagefactory.internal.LocatingElementHandler.invoke(LocatingElementHandler.java:51)
at jdk.proxy2/jdk.proxy2.$Proxy32.click(Unknown Source)
at pages.HomePage.clickPrevOnCarousel(HomePage.java:180)
at tests.HomePageTest.verifyClickPrevOnCarousel(HomePageTest.java:76)
at java.base/jdk.internal.reflect.DirectMethodHandleAccessor.invoke(DirectMethodHandleAccessor.java:103)
at java.base/java.lang.reflect.Method.invoke(Method.java:580)
at org.testng.internal.invokers.MethodInvocationHelper.invokeMethod(MethodInvocationHelper.java:141)
at org.testng.internal.invokers.TestInvoker.invokeMethod(TestInvoker.java:687)
at org.testng.internal.invokers.TestInvoker.invokeTestMethod(TestInvoker.java:230)
at org.testng.internal.invokers.MethodRunner.runInSequence(MethodRunner.java:63)
at org.testng.internal.invokers.TestInvoker$MethodInvocationAgent.invoke(TestInvoker.java:995)
at org.testng.internal.invokers.TestInvoker.invokeTestMethods(TestInvoker.java:203)
at org.testng.internal.invokers.TestMethodWorker.invokeTestMethods(TestMethodWorker.java:154)
at org.testng.internal.invokers.TestMethodWorker.run(TestMethodWorker.java:134)
at java.base/java.util.ArrayList.forEach(ArrayList.java:1597)
at org.testng.TestRunner.privateRun(TestRunner.java:741)
at org.testng.TestRunner.run(TestRunner.java:616)
at org.testng.SuiteRunner.runTest(SuiteRunner.java:421)
at org.testng.SuiteRunner.runSequentially(SuiteRunner.java:413)
at org.testng.SuiteRunner.privateRun(SuiteRunner.java:373)
at org.testng.SuiteRunner.run(SuiteRunner.java:312)
at org.testng.SuiteRunnerWorker.runSuite(SuiteRunnerWorker.java:52)
at org.testng.SuiteRunnerWorker.run(SuiteRunnerWorker.java:95)
at org.testng.TestNG.runSuitesSequentially(TestNG.java:1274)
at org.testng.TestNG.runSuitesLocally(TestNG.java:1208)
at org.testng.TestNG.runSuites(TestNG.java:1112)
at org.testng.TestNG.run(TestNG.java:1079)
at org.testng.remote.AbstractRemoteTestNG.run(AbstractRemoteTestNG.java:115)
at org.testng.remote.RemoteTestNG.initAndRun(RemoteTestNG.java:293)
at org.testng.remote.RemoteTestNG.main(RemoteTestNG.java:91)
]]>
            </full-stacktrace>
          </exception> <!-- org.openqa.selenium.ElementClickInterceptedException -->
          <reporter-output>
          </reporter-output>
        </test-method> <!-- verifyClickPrevOnCarousel -->
        <test-method signature="verifyProductListIsVisible()[pri:9, instance:tests.HomePageTest@7642df8f]" started-at="2025-07-15T17:53:28 GMT+07:00" name="verifyProductListIsVisible" finished-at="2025-07-15T17:53:29 GMT+07:00" duration-ms="191" status="PASS">
          <reporter-output>
          </reporter-output>
        </test-method> <!-- verifyProductListIsVisible -->
        <test-method is-config="true" signature="tearDown()[pri:0, instance:tests.HomePageTest@7642df8f]" started-at="2025-07-15T17:53:29 GMT+07:00" name="tearDown" finished-at="2025-07-15T17:53:29 GMT+07:00" duration-ms="258" status="PASS">
          <reporter-output>
          </reporter-output>
        </test-method> <!-- tearDown -->
      </class> <!-- tests.HomePageTest -->
    </test> <!-- Test -->
  </suite> <!-- Groups -->
</testng-results>
